<?xml version="1.0" encoding="UTF-8"?>
<!-- Generated by org.testng.reporters.JUnitXMLReporter -->
<testsuite hostname="XIPL0575" ignored="0" name="Default test" tests="5" failures="0" timestamp="21 Jun 2018 13:34:45 GMT" time="41.376" errors="0">
  <testcase name="loginTitleTest" time="0.015" classname="com.qa.tests.HomepPageTest"/>
  <testcase name="verifyLogoTest" time="0.042" classname="com.qa.tests.HomepPageTest"/>
  <testcase name="validateSearchIconTest" time="0.043" classname="com.qa.tests.HomepPageTest"/>
  <testcase name="validatecheckCityTest" time="0.073" classname="com.qa.tests.HomepPageTest"/>
  <testcase name="navigateToSocialTest" time="0.044" classname="com.qa.tests.HomepPageTest"/>
</testsuite> <!-- Default test -->
