<?xml version="1.0" encoding="UTF-8"?>
<testng-results skipped="0" failed="0" ignored="0" total="5" passed="5">
  <reporter-output>
  </reporter-output>
  <suite name="Default suite" duration-ms="41376" started-at="2018-06-21T13:34:03Z" finished-at="2018-06-21T13:34:45Z">
    <groups>
    </groups>
    <test name="Default test" duration-ms="41376" started-at="2018-06-21T13:34:03Z" finished-at="2018-06-21T13:34:45Z">
      <class name="com.qa.tests.HomepPageTest">
        <test-method status="PASS" signature="setup()[pri:0, instance:com.qa.tests.HomepPageTest@598067a5]" name="setup" is-config="true" duration-ms="10458" started-at="2018-06-21T19:04:03Z" finished-at="2018-06-21T19:04:14Z">
          <reporter-output>
          </reporter-output>
        </test-method> <!-- setup -->
        <test-method status="PASS" signature="loginTitleTest()[pri:0, instance:com.qa.tests.HomepPageTest@598067a5]" name="loginTitleTest" duration-ms="15" started-at="2018-06-21T19:04:14Z" finished-at="2018-06-21T19:04:14Z">
          <reporter-output>
          </reporter-output>
        </test-method> <!-- loginTitleTest -->
        <test-method status="PASS" signature="quit()[pri:0, instance:com.qa.tests.HomepPageTest@598067a5]" name="quit" is-config="true" duration-ms="639" started-at="2018-06-21T19:04:14Z" finished-at="2018-06-21T19:04:14Z">
          <reporter-output>
          </reporter-output>
        </test-method> <!-- quit -->
        <test-method status="PASS" signature="setup()[pri:0, instance:com.qa.tests.HomepPageTest@598067a5]" name="setup" is-config="true" duration-ms="9369" started-at="2018-06-21T19:04:14Z" finished-at="2018-06-21T19:04:24Z">
          <reporter-output>
          </reporter-output>
        </test-method> <!-- setup -->
        <test-method status="PASS" signature="verifyLogoTest()[pri:0, instance:com.qa.tests.HomepPageTest@598067a5]" name="verifyLogoTest" duration-ms="42" started-at="2018-06-21T19:04:24Z" depends-on-methods="com.qa.tests.HomepPageTest.loginTitleTest" finished-at="2018-06-21T19:04:24Z">
          <reporter-output>
          </reporter-output>
        </test-method> <!-- verifyLogoTest -->
        <test-method status="PASS" signature="quit()[pri:0, instance:com.qa.tests.HomepPageTest@598067a5]" name="quit" is-config="true" duration-ms="649" started-at="2018-06-21T19:04:24Z" finished-at="2018-06-21T19:04:24Z">
          <reporter-output>
          </reporter-output>
        </test-method> <!-- quit -->
        <test-method status="PASS" signature="setup()[pri:0, instance:com.qa.tests.HomepPageTest@598067a5]" name="setup" is-config="true" duration-ms="6174" started-at="2018-06-21T19:04:24Z" finished-at="2018-06-21T19:04:31Z">
          <reporter-output>
          </reporter-output>
        </test-method> <!-- setup -->
        <test-method status="PASS" signature="validateSearchIconTest()[pri:0, instance:com.qa.tests.HomepPageTest@598067a5]" name="validateSearchIconTest" duration-ms="43" started-at="2018-06-21T19:04:31Z" depends-on-methods="com.qa.tests.HomepPageTest.verifyLogoTest" finished-at="2018-06-21T19:04:31Z">
          <reporter-output>
          </reporter-output>
        </test-method> <!-- validateSearchIconTest -->
        <test-method status="PASS" signature="quit()[pri:0, instance:com.qa.tests.HomepPageTest@598067a5]" name="quit" is-config="true" duration-ms="659" started-at="2018-06-21T19:04:31Z" finished-at="2018-06-21T19:04:31Z">
          <reporter-output>
          </reporter-output>
        </test-method> <!-- quit -->
        <test-method status="PASS" signature="setup()[pri:0, instance:com.qa.tests.HomepPageTest@598067a5]" name="setup" is-config="true" duration-ms="5876" started-at="2018-06-21T19:04:31Z" finished-at="2018-06-21T19:04:37Z">
          <reporter-output>
          </reporter-output>
        </test-method> <!-- setup -->
        <test-method status="PASS" signature="validatecheckCityTest()[pri:0, instance:com.qa.tests.HomepPageTest@598067a5]" name="validatecheckCityTest" duration-ms="73" started-at="2018-06-21T19:04:37Z" depends-on-methods="com.qa.tests.HomepPageTest.validateSearchIconTest" finished-at="2018-06-21T19:04:37Z">
          <reporter-output>
          </reporter-output>
        </test-method> <!-- validatecheckCityTest -->
        <test-method status="PASS" signature="quit()[pri:0, instance:com.qa.tests.HomepPageTest@598067a5]" name="quit" is-config="true" duration-ms="641" started-at="2018-06-21T19:04:37Z" finished-at="2018-06-21T19:04:38Z">
          <reporter-output>
          </reporter-output>
        </test-method> <!-- quit -->
        <test-method status="PASS" signature="setup()[pri:0, instance:com.qa.tests.HomepPageTest@598067a5]" name="setup" is-config="true" duration-ms="6033" started-at="2018-06-21T19:04:38Z" finished-at="2018-06-21T19:04:44Z">
          <reporter-output>
          </reporter-output>
        </test-method> <!-- setup -->
        <test-method status="PASS" signature="navigateToSocialTest()[pri:0, instance:com.qa.tests.HomepPageTest@598067a5]" name="navigateToSocialTest" duration-ms="44" started-at="2018-06-21T19:04:44Z" depends-on-methods="com.qa.tests.HomepPageTest.validatecheckCityTest" finished-at="2018-06-21T19:04:44Z">
          <reporter-output>
          </reporter-output>
        </test-method> <!-- navigateToSocialTest -->
        <test-method status="PASS" signature="quit()[pri:0, instance:com.qa.tests.HomepPageTest@598067a5]" name="quit" is-config="true" duration-ms="635" started-at="2018-06-21T19:04:44Z" finished-at="2018-06-21T19:04:45Z">
          <reporter-output>
          </reporter-output>
        </test-method> <!-- quit -->
      </class> <!-- com.qa.tests.HomepPageTest -->
    </test> <!-- Default test -->
  </suite> <!-- Default suite -->
</testng-results>
